<?xml version="1.0" encoding="UTF-8"?>
<!-- Generated by org.testng.reporters.JUnitReportReporter -->
<testsuite skipped="0" hostname="Jose-Santiago" name="com.xurpas.automation.util.GOTSBEBOTUsers" tests="1" failures="0" timestamp="10 Mar 2021 11:17:38 GMT" time="19.452" errors="0">
  <testcase name="SalesAgent" time="19.452" classname="com.xurpas.automation.util.GOTSBEBOTUsers"/>
</testsuite> <!-- com.xurpas.automation.util.GOTSBEBOTUsers -->
