<?xml version="1.0" encoding="UTF-8"?>
<!-- Generated by org.testng.reporters.JUnitReportReporter -->
<testsuite skipped="0" hostname="Jose-Santiago" name="testBEBOT.EditValidation" tests="5" failures="0" timestamp="05 Apr 2021 09:39:49 GMT" time="136.292" errors="0">
  <testcase name="EditSalesAgent" time="29.800" classname="testBEBOT.EditValidation"/>
  <testcase name="EditVerifier" time="29.429" classname="testBEBOT.EditValidation"/>
  <testcase name="EditApprover" time="25.460" classname="testBEBOT.EditValidation"/>
  <testcase name="Encoder" time="27.242" classname="testBEBOT.EditValidation"/>
  <testcase name="EditSuperAdmin" time="24.361" classname="testBEBOT.EditValidation"/>
</testsuite> <!-- testBEBOT.EditValidation -->
