<?xml version="1.0" encoding="UTF-8"?>
<!-- Generated by org.testng.reporters.JUnitReportReporter -->
<testsuite skipped="0" hostname="Jose-Santiago" name="testBEBOT.GcashFunctionality" tests="1" failures="0" timestamp="16 Apr 2021 09:28:11 GMT" time="16.715" errors="0">
  <testcase name="Gcash" time="16.715" classname="testBEBOT.GcashFunctionality"/>
</testsuite> <!-- testBEBOT.GcashFunctionality -->
