<?xml version="1.0" encoding="UTF-8"?>
<!-- Generated by org.testng.reporters.JUnitReportReporter -->
<testsuite skipped="0" hostname="Jose-Santiago" name="testBEBOT.ApplicationEntries" tests="1" failures="0" timestamp="23 Mar 2021 15:04:48 GMT" time="41.284" errors="0">
  <testcase name="AppEntriesSuperAdmin" time="41.284" classname="testBEBOT.ApplicationEntries"/>
</testsuite> <!-- testBEBOT.ApplicationEntries -->
