<?xml version="1.0" encoding="UTF-8"?>
<!-- Generated by org.testng.reporters.JUnitReportReporter -->
<testsuite skipped="0" hostname="Jose-Santiago" name="testBEBOT.BEBOTLogin" tests="1" failures="0" timestamp="10 Mar 2021 04:54:47 GMT" time="2.274" errors="0">
  <testcase name="SignIn" time="2.274" classname="testBEBOT.BEBOTLogin"/>
</testsuite> <!-- testBEBOT.BEBOTLogin -->
